[debug] [2021-01-09T19:33:47.253Z] ----------------------------------------------------------------------
[debug] [2021-01-09T19:33:47.255Z] Command:       /usr/local/bin/node /usr/local/bin/firebase init
[debug] [2021-01-09T19:33:47.255Z] CLI Version:   9.1.0
[debug] [2021-01-09T19:33:47.255Z] Platform:      darwin
[debug] [2021-01-09T19:33:47.256Z] Node Version:  v14.15.0
[debug] [2021-01-09T19:33:47.262Z] Time:          Sun Jan 10 2021 01:03:47 GMT+0530 (India Standard Time)
[debug] [2021-01-09T19:33:47.262Z] ----------------------------------------------------------------------
[debug] [2021-01-09T19:33:47.262Z] 
[debug] [2021-01-09T19:33:47.264Z] >>> [apiv2][query] GET https://firebase-public.firebaseio.com/cli.json [none]
[debug] [2021-01-09T19:33:47.282Z] > command requires scopes: ["email","openid","https://www.googleapis.com/auth/cloudplatformprojects.readonly","https://www.googleapis.com/auth/firebase","https://www.googleapis.com/auth/cloud-platform"]
[debug] [2021-01-09T19:33:47.282Z] > authorizing via signed-in user
[info] 
     ######## #### ########  ######## ########     ###     ######  ########
     ##        ##  ##     ## ##       ##     ##  ##   ##  ##       ##
     ######    ##  ########  ######   ########  #########  ######  ######
     ##        ##  ##    ##  ##       ##     ## ##     ##       ## ##
     ##       #### ##     ## ######## ########  ##     ##  ######  ########

You're about to initialize a Firebase project in this directory:

  /Users/ashish/Documents/Web Dev/spotify-clone

[debug] [2021-01-09T19:33:49.614Z] <<< [apiv2][status] GET https://firebase-public.firebaseio.com/cli.json 200
[debug] [2021-01-09T19:33:49.614Z] <<< [apiv2][body] GET https://firebase-public.firebaseio.com/cli.json {"cloudBuildErrorAfter":1594252800000,"cloudBuildWarnAfter":1590019200000,"defaultNode10After":1594252800000,"minVersion":"3.0.5","node8DeploysDisabledAfter":1613390400000,"node8RuntimeDisabledAfter":1615809600000,"node8WarnAfter":1600128000000}
